Turbo Assembler	 Version 4.1	    02/25/20 14:26:49	    Page 1
inttime.asm



      1				     .186
      2	0000			     .model tiny
      3	0000			     .code
      4				     org 100h
      5
      6	0100  33 C0		     Start:  xor     ax, ax
      7	0102  8E C0			     mov     es, ax
      8
      9	0104  FA			     cli
     10	0105  BB 0020			     mov     bx, 8*4h
     11
     12	0108  26: C7 07	0120r		     mov     word ptr es:[bx], offset New08
     13	010D  8C C8			     mov     ax, cs
     14	010F  26: 89 47	02		     mov     word ptr es:[bx+2], ax
     15	0113  FB			     sti
     16
     17	0114  B8 3100			     mov     ax, 3100h
     18	0117  BA 0135r			     mov     dx, offset	EndLabel
     19	011A  C1 EA 04			     shr     dx, 4
     20	011D  42			     inc     dx
     21	011E  CD 21			     int     21h
     22
     23	0120			     New08   proc
     24	0120  50 57 06			     push    ax	di es
     25
     26	0123  68 B800			     push    0b800h
     27	0126  07			     pop     es
     28	0127  BF 0000			     mov     di, 0
     29	012A  58			     pop     ax
     30	012B  AB			     stosw
     31	012C  50			     push    ax
     32
     33	012D  B0 20			     mov     al, 20h
     34	012F  E6 20			     out     20h, al
     35
     36	0131  07 5F 58			     pop     es	di ax
     37	0134  CF			     iret
     38	0135				     endp
     39
     40	0135			     EndLabel:
     41				     end     Start
Turbo Assembler	 Version 4.1	    02/25/20 14:26:49	    Page 2
Symbol Table




Symbol Name			  Type	 Value

??DATE				  Text	 "02/25/20"
??FILENAME			  Text	 "inttime "
??TIME				  Text	 "14:26:49"
??VERSION			  Number 040A
@32BIT				  Text	 0
@CODE				  Text	 DGROUP
@CODESIZE			  Text	 0
@CPU				  Text	 0103H
@CURSEG				  Text	 _TEXT
@DATA				  Text	 DGROUP
@DATASIZE			  Text	 0
@FILENAME			  Text	 INTTIME
@INTERFACE			  Text	 000H
@MODEL				  Text	 1
@STACK				  Text	 DGROUP
@WORDSIZE			  Text	 2
ENDLABEL			  Near	 DGROUP:0135
NEW08				  Near	 DGROUP:0120
START				  Near	 DGROUP:0100

Groups & Segments		  Bit Size Align  Combine Class

DGROUP				  Group
  _DATA				  16  0000 Word	  Public  DATA
  _TEXT				  16  0135 Word	  Public  CODE
