Turbo Assembler	 Version 4.1	    03/15/20 21:36:57	    Page 1
matrix.asm



      1				     .186
      2	0000			     .model tiny
      3	0000			     .code
      4				     org     100h
      5
      6				     extrn   New09   :proc
      7				     extrn   Old09
      8
      9				     extrn   New08   :proc
     10				     extrn   Old08   :proc
     11
     12				     extrn   EndLabel
     13
     14				     extrn   rplInt  :proc
     15
     16	0100  B9 0009		     Start:	     mov     cx, 09h
     17	0103  BF 0000e				     mov     di, offset	Old09
     18	0106  BE 0000e				     mov     si, offset	New09
     19
     20	0109  E8 0000e				     call    rplInt
     21
     22	010C  B9 0008				     mov     cx, 08h
     23	010F  BF 0000e				     mov     di, offset	Old08
     24	0112  BE 0000e				     mov     si, offset	New08
     25
     26	0115  E8 0000e				     call    rplInt
     27
     28	0118  B8 3100				     mov     ax, 3100h
     29	011B  BA 0000e				     mov     dx, offset	EndLabel
     30	011E  C1 EA 04				     shr     dx, 4
     31	0121  42				     inc     dx
     32	0122  CD 21				     int     21h
     33
     34				     end     Start
Turbo Assembler	 Version 4.1	    03/15/20 21:36:57	    Page 2
Symbol Table




Symbol Name			  Type	 Value

??DATE				  Text	 "03/15/20"
??FILENAME			  Text	 "matrix  "
??TIME				  Text	 "21:36:57"
??VERSION			  Number 040A
@32BIT				  Text	 0
@CODE				  Text	 DGROUP
@CODESIZE			  Text	 0
@CPU				  Text	 0103H
@CURSEG				  Text	 _TEXT
@DATA				  Text	 DGROUP
@DATASIZE			  Text	 0
@FILENAME			  Text	 MATRIX
@INTERFACE			  Text	 000H
@MODEL				  Text	 1
@STACK				  Text	 DGROUP
@WORDSIZE			  Text	 2
ENDLABEL			  Word	 DGROUP:---- Extern
NEW08				  Near	 DGROUP:---- Extern
NEW09				  Near	 DGROUP:---- Extern
OLD08				  Near	 DGROUP:---- Extern
OLD09				  Word	 DGROUP:---- Extern
RPLINT				  Near	 DGROUP:---- Extern
START				  Near	 DGROUP:0100

Groups & Segments		  Bit Size Align  Combine Class

DGROUP				  Group
  _DATA				  16  0000 Word	  Public  DATA
  _TEXT				  16  0124 Word	  Public  CODE
