Turbo Assembler	 Version 4.1	    03/15/20 23:54:17	    Page 1
new08.asm



      1				     .186
      2	0000			     .model  tiny
      3
      4				     locals  @@
      5				     org     100h
      6
      7	0000			     .code
      8
      9				     extrn   MATRIX
     10				     extrn   setclr  :proc
     11				     extrn   oneiter :proc
     12				     extrn   scrsft  :proc
     13
     14				     public  Old08
     15				     public  New08
     16
     17	0000  00		     CURLINE	     db	0h
     18
     19	0001			     New08	     proc
     20
     21	0001  9C				     pushf
     22	0002  60				     pusha
     23	0003  06 56 57 1E			     push    es	si di ds
     24
     25	0007  2E: 83 3E	0000e 00		     cmp     cs:MATRIX,	0h
     26	000D  74 28				     je	     cs:@@CONTINUE
     27
     28	000F  E8 0000e				     call    setclr
     29
     30	0012  2E: A0 0000r			     mov     al, cs:CURLINE
     31	0016  B4 00				     mov     ah, 0h
     32	0018  E8 0000e				     call    oneiter
     33	001B  FE C0				     inc     al
     34	001D  E8 0000e				     call    oneiter
     35
     36	0020  E8 0000e				     call    scrsft
     37
     38	0023  2E: 80 06	0000r 02		     add     cs:CURLINE, 2
     39	0029  2E: 80 3E	0000r 78		     cmp     cs:CURLINE, 78h
     40	002F  76 06				     jbe     cs:@@CONTINUE
     41	0031  2E: C6 06	0000r 00		     mov     cs:CURLINE, 0h
     42
     43	0037  1F 5F 5E 07	     @@CONTINUE:     pop     ds	di si es
     44	003B  61				     popa
     45	003C  9D				     popf
     46
     47	003D  EA				     db	     0eah
     48	003E  0000		     Old08	     dw	     0
     49	0040  0000				     dw	     0
     50
     51	0042  B0 20				     mov     al, 20h
     52	0044  E6 20				     out     20h, al
     53
     54	0046  CF				     iret
     55
     56	0047					     endp
     57				     end
Turbo Assembler	 Version 4.1	    03/15/20 23:54:17	    Page 2
Symbol Table




Symbol Name			  Type	 Value

??DATE				  Text	 "03/15/20"
??FILENAME			  Text	 "new08	  "
??TIME				  Text	 "23:54:17"
??VERSION			  Number 040A
@32BIT				  Text	 0
@@CONTINUE			  Near	 DGROUP:0037
@CODE				  Text	 DGROUP
@CODESIZE			  Text	 0
@CPU				  Text	 0103H
@CURSEG				  Text	 _TEXT
@DATA				  Text	 DGROUP
@DATASIZE			  Text	 0
@FILENAME			  Text	 NEW08
@INTERFACE			  Text	 000H
@MODEL				  Text	 1
@STACK				  Text	 DGROUP
@WORDSIZE			  Text	 2
CURLINE				  Byte	 DGROUP:0000
MATRIX				  Word	 DGROUP:---- Extern
NEW08				  Near	 DGROUP:0001
OLD08				  Word	 DGROUP:003E
ONEITER				  Near	 DGROUP:---- Extern
SCRSFT				  Near	 DGROUP:---- Extern
SETCLR				  Near	 DGROUP:---- Extern

Groups & Segments		  Bit Size Align  Combine Class

DGROUP				  Group
  _DATA				  16  0000 Word	  Public  DATA
  _TEXT				  16  0047 Word	  Public  CODE
