Turbo Assembler	 Version 4.1	    02/11/20 00:28:53	    Page 1
intro02.asm



      1	0000			     .model tiny
      2	0000			     .code
      3
      4				     org 100h
      5
      6	0100  B4 02		     Start:  mov ah, 02h
      7	0102  B2 21			     mov dl, '!'
      8	0104  CD 21			     int 21h
      9
     10	0106  B8 4C00			     mov ax, 4c00h
     11	0109  CD 21			     int 21h
     12
     13				     end Start
Turbo Assembler	 Version 4.1	    02/11/20 00:28:53	    Page 2
Symbol Table




Symbol Name			  Type	 Value

??DATE				  Text	 "02/11/20"
??FILENAME			  Text	 "intro02 "
??TIME				  Text	 "00:28:53"
??VERSION			  Number 040A
@32BIT				  Text	 0
@CODE				  Text	 DGROUP
@CODESIZE			  Text	 0
@CPU				  Text	 0101H
@CURSEG				  Text	 _TEXT
@DATA				  Text	 DGROUP
@DATASIZE			  Text	 0
@FILENAME			  Text	 INTRO02
@INTERFACE			  Text	 000H
@MODEL				  Text	 1
@STACK				  Text	 DGROUP
@WORDSIZE			  Text	 2
START				  Near	 DGROUP:0100

Groups & Segments		  Bit Size Align  Combine Class

DGROUP				  Group
  _DATA				  16  0000 Word	  Public  DATA
  _TEXT				  16  010B Word	  Public  CODE
