Turbo Assembler	 Version 4.1	    02/11/20 14:57:15	    Page 1
intro.asm



      1	0000			     .model tiny
      2	0000			     .code
      3				     org 100h
      4
      5	0100  B4 09		     Start:  mov ah, 09h
      6	0102  BA 010Cr			     mov dx, offset Gorshok
      7	0105  CD 21			     int 21h
      8
      9	0107  B8 4C00			     mov ax, 4c00h
     10	010A  CD 21			     int 21h
     11
     12	010C  85 AB A8 20 AC EF	E1+  Gorshok: db "Ели мясо мужики", 13,	10
     13	      AE 20 AC E3 A6 A8	AA+
     14	      A8 0D 0A
     15	011D  8F A8 A2 AE AC 20	A7+	     db	"Пивом запивали", 13, 10, '$'
     16	      A0 AF A8 A2 A0 AB	A8+
     17	      0D 0A 24
     18
     19				     end Start
Turbo Assembler	 Version 4.1	    02/11/20 14:57:15	    Page 2
Symbol Table




Symbol Name			  Type	 Value

??DATE				  Text	 "02/11/20"
??FILENAME			  Text	 "intro	  "
??TIME				  Text	 "14:57:15"
??VERSION			  Number 040A
@32BIT				  Text	 0
@CODE				  Text	 DGROUP
@CODESIZE			  Text	 0
@CPU				  Text	 0101H
@CURSEG				  Text	 _TEXT
@DATA				  Text	 DGROUP
@DATASIZE			  Text	 0
@FILENAME			  Text	 INTRO
@INTERFACE			  Text	 000H
@MODEL				  Text	 1
@STACK				  Text	 DGROUP
@WORDSIZE			  Text	 2
GORSHOK				  Near	 DGROUP:010C
START				  Near	 DGROUP:0100

Groups & Segments		  Bit Size Align  Combine Class

DGROUP				  Group
  _DATA				  16  0000 Word	  Public  DATA
  _TEXT				  16  012E Word	  Public  CODE
