Turbo Assembler	 Version 4.1	    02/16/20 24:37:58	    Page 1
video0.asm



      1	0000			     .model tiny
      2	0000			     .code
      3
      4				     org 100h
      5
      6	0100  B4 0A		     Start:  mov ah, 0ah
      7	0102  B0 0D			     mov al, 13d
      8	0104  B3 4E			     mov bl, 4eh
      9	0106  B9 0001			     mov cx, 1h
     10
     11	0109  CD 10			     int 10h
     12
     13	010B  B8 4C00			     mov ax, 4c00h
     14	010E  CD 21			     int 21h
     15
     16				     end Start
Turbo Assembler	 Version 4.1	    02/16/20 24:37:58	    Page 2
Symbol Table




Symbol Name			  Type	 Value

??DATE				  Text	 "02/16/20"
??FILENAME			  Text	 "video0  "
??TIME				  Text	 "24:37:58"
??VERSION			  Number 040A
@32BIT				  Text	 0
@CODE				  Text	 DGROUP
@CODESIZE			  Text	 0
@CPU				  Text	 0101H
@CURSEG				  Text	 _TEXT
@DATA				  Text	 DGROUP
@DATASIZE			  Text	 0
@FILENAME			  Text	 VIDEO0
@INTERFACE			  Text	 000H
@MODEL				  Text	 1
@STACK				  Text	 DGROUP
@WORDSIZE			  Text	 2
START				  Near	 DGROUP:0100

Groups & Segments		  Bit Size Align  Combine Class

DGROUP				  Group
  _DATA				  16  0000 Word	  Public  DATA
  _TEXT				  16  0110 Word	  Public  CODE
