Turbo Assembler	 Version 4.1	    03/10/20 14:47:24	    Page 1
new08.asm



      1				     .186
      2	0000			     .model tiny
      3	0000			     .code
      4				     org     100h
      5				     locals  @@
      6
      7				     extrn   sortfwd :proc
      8				     extrn   sortbkd :proc
      9				     extrn   printl  :proc
     10				     extrn   framedr :proc
     11
     12				     public  New08
     13				     public  Old08
     14
     15				     ;=================================================
     16				     ; New int 08h sort	ARR in different orders
     17				     ;=================================================
     18
     19	0100			     New08	     proc
     20
     21	0100  9C				     pushf
     22	0101  60				     pusha
     23	0102  06 56 57 1E			     push    es	si di ds
     24
     25	0106  BF 0000				     mov     di, 0d
     26	0109  B9 000A				     mov     cx, 10d
     27	010C  BA 0004				     mov     dx, 4d
     28	010F  E8 0000e				     call    framedr
     29
     30	0112  8C C8				     mov     ax, cs
     31	0114  8E C0				     mov     es, ax
     32
     33	0116  BF 0000r				     mov     di, offset	ARR
     34	0119  B9 0008				     mov     cx, 8d
     35
     36	011C  E8 0000e				     call    sortfwd
     37
     38	011F  8C C8				     mov     ax, cs
     39	0121  8E D8				     mov     ds, ax
     40
     41	0123  BE 0000r				     mov     si, offset	ARR
     42	0126  BF 0144				     mov     di, 324d
     43
     44	0129  E8 0000e				     call    printl
     45
     46	012C  B9 FFFF				     mov     cx, 0ffffh
     47	012F			     @@pause:
     48	012F  E2 FE				     loop    @@pause
     49
     50	0131  0E				     push    cs
     51	0132  07				     pop     es
     52
     53	0133  BF 0000r				     mov     di, offset	ARR
     54	0136  B9 0008				     mov     cx, 8d
     55
     56	0139  E8 0000e				     call    sortbkd
     57
Turbo Assembler	 Version 4.1	    03/10/20 14:47:24	    Page 2
new08.asm



     58	013C  8C C8				     mov     ax, cs
     59	013E  8E D8				     mov     ds, ax
     60
     61	0140  BE 0000r				     mov     si, offset	ARR
     62	0143  BF 01E4				     mov     di, 484d
     63
     64	0146  E8 0000e				     call    printl
     65
     66	0149  1F 5F 5E 07			     pop     ds	di si es
     67	014D  61				     popa
     68	014E  9D				     popf
     69
     70	014F  EA				     db	     0eah
     71	0150  0000		     Old08	     dw	     0
     72	0152  0000				     dw	     0
     73
     74	0154  CF				     iret
     75	0155			     endp
     76
     77	0155			     .data
     78
     79	0000  41 47 46 45 44 43	42+  ARR     db	     41h, 47h, 46h, 45h, 44h, 43h, 42h,	48h, 0h
     80	      48 00
     81
     82				     end
Turbo Assembler	 Version 4.1	    03/10/20 14:47:24	    Page 3
Symbol Table




Symbol Name			  Type	 Value

??DATE				  Text	 "03/10/20"
??FILENAME			  Text	 "new08	  "
??TIME				  Text	 "14:47:24"
??VERSION			  Number 040A
@32BIT				  Text	 0
@@PAUSE				  Near	 DGROUP:012F
@CODE				  Text	 DGROUP
@CODESIZE			  Text	 0
@CPU				  Text	 0103H
@CURSEG				  Text	 _DATA
@DATA				  Text	 DGROUP
@DATASIZE			  Text	 0
@FILENAME			  Text	 NEW08
@INTERFACE			  Text	 000H
@MODEL				  Text	 1
@STACK				  Text	 DGROUP
@WORDSIZE			  Text	 2
ARR				  Byte	 DGROUP:0000
FRAMEDR				  Near	 DGROUP:---- Extern
NEW08				  Near	 DGROUP:0100
OLD08				  Word	 DGROUP:0150
PRINTL				  Near	 DGROUP:---- Extern
SORTBKD				  Near	 DGROUP:---- Extern
SORTFWD				  Near	 DGROUP:---- Extern

Groups & Segments		  Bit Size Align  Combine Class

DGROUP				  Group
  _DATA				  16  0009 Word	  Public  DATA
  _TEXT				  16  0155 Word	  Public  CODE
