Turbo Assembler	 Version 4.1	    03/10/20 16:49:01	    Page 1
regissho.asm



      1				     .186
      2	0000			     .model tiny
      3
      4	0000			     .code
      5				     locals @@
      6
      7				     org     100h
      8
      9				     extrn   Al2Hex  :proc
     10
     11				     public  showregs
     12
     13				     ;=================================================
     14				     ; Shows registers in hex in frame
     15				     ; Entry:AX, BX, CX, DX - registers
     16				     ; Destr: none
     17				     ;=================================================
     18
     19	0100			     showregs	     proc
     20
     21	0100  60				     pusha
     22	0101  06 1E 57 56			     push    es	ds di si
     23
     24	0105  2E: A3 0138r			     mov     cs:REGS[0], ax
     25	0109  2E: 89 1E	0139r			     mov     cs:REGS[1], bx
     26	010E  2E: 89 0E	013Ar			     mov     cs:REGS[2], cx
     27	0113  2E: 89 16	013Br			     mov     cs:REGS[3], dx
     28
     29	0118  BB 0004				     mov     bx, 4
     30
     31	011B  8B 87 0137r	     @@convert:	     mov     ax, REGS[bx-1]
     32	011F  E8 0000e				     call    Al2Hex
     33	0122  86 E0				     xchg    ah, al
     34	0124  E8 0000e				     call    Al2Hex
     35	0127  86 E0				     xchg    ah, al
     36	0129  89 87 0137r			     mov     REGS[bx-1], ax
     37	012D  4B				     dec     bx
     38	012E  83 FB 00				     cmp     bx, 0h
     39	0131  77 E8				     ja	     @@convert
     40
     41	0133  5E 5F 1F 07			     pop     si	di ds es
     42	0137  61				     popa
     43
     44	0138					     endp
     45
     46	0138  0000 0000	0000 0000    REGS dw 00h, 00h, 00h, 00h
     47
     48				     end
Turbo Assembler	 Version 4.1	    03/10/20 16:49:01	    Page 2
Symbol Table




Symbol Name			  Type	 Value

??DATE				  Text	 "03/10/20"
??FILENAME			  Text	 "regissho"
??TIME				  Text	 "16:49:01"
??VERSION			  Number 040A
@32BIT				  Text	 0
@@CONVERT			  Near	 DGROUP:011B
@CODE				  Text	 DGROUP
@CODESIZE			  Text	 0
@CPU				  Text	 0103H
@CURSEG				  Text	 _TEXT
@DATA				  Text	 DGROUP
@DATASIZE			  Text	 0
@FILENAME			  Text	 REGISSHO
@INTERFACE			  Text	 000H
@MODEL				  Text	 1
@STACK				  Text	 DGROUP
@WORDSIZE			  Text	 2
AL2HEX				  Near	 DGROUP:---- Extern
REGS				  Word	 DGROUP:0138
SHOWREGS			  Near	 DGROUP:0100

Groups & Segments		  Bit Size Align  Combine Class

DGROUP				  Group
  _DATA				  16  0000 Word	  Public  DATA
  _TEXT				  16  0140 Word	  Public  CODE
