Turbo Assembler	 Version 4.1	    03/10/20 16:58:20	    Page 1
endprog.asm



      1				     .186
      2	0000			     .model tiny
      3	0000			     .data
      4				     org 100h
      5				     public EndLabel
      6	0100			     EndLabel:
      7				     end
Turbo Assembler	 Version 4.1	    03/10/20 16:58:20	    Page 2
Symbol Table




Symbol Name			  Type	 Value

??DATE				  Text	 "03/10/20"
??FILENAME			  Text	 "endprog "
??TIME				  Text	 "16:58:20"
??VERSION			  Number 040A
@32BIT				  Text	 0
@CODE				  Text	 DGROUP
@CODESIZE			  Text	 0
@CPU				  Text	 0103H
@CURSEG				  Text	 _DATA
@DATA				  Text	 DGROUP
@DATASIZE			  Text	 0
@FILENAME			  Text	 ENDPROG
@INTERFACE			  Text	 000H
@MODEL				  Text	 1
@STACK				  Text	 DGROUP
@WORDSIZE			  Text	 2
ENDLABEL			  Near	 DGROUP:0100

Groups & Segments		  Bit Size Align  Combine Class

DGROUP				  Group
  _DATA				  16  0100 Word	  Public  DATA
  _TEXT				  16  0000 Word	  Public  CODE
