Turbo Assembler	 Version 4.1	    03/03/20 16:26:16	    Page 1
new09.asm



      1				     .186
      2	0000			     .model tiny
      3	0000			     .code
      4				     org     100h
      5
      6
      7				     public	     Old09
      8				     public	     New09
      9
     10				     extrn	     BufBeg  :byte
     11				     extrn	     BufEnd  :byte
     12				     extrn	     BUF     :byte
     13				     extrn	     COUNT   :byte
     14
     15				     ;=================================================
     16				     ; New int 09h that	should read pushed keys	and write them to BUF
     17				     ;=================================================
     18
     19	0100			     New09	     proc
     20
     21	0100  50 1E 57 53 06			     push    ax	ds di bx es
     22
     23	0105  9C				     pushf
     24	0106  FF 1E 0000r			     call    dword ptr [Old09]
     25	010A  9D				     popf
     26
     27	010B  9C				     pushf
     28				     ;		     in	     al, 60h
     29
     30	010C  B8 0000				     mov     ax, 00h
     31	010F  CD 16				     int     16h
     32
     33	0111  8A 1E 0000e			     mov     bl, BufEnd
     34	0115  B7 00				     mov     bh, 00h
     35	0117  88 87 0000e			     mov     BUF+bx, al
     36	011B  FE 06 0000e			     inc     COUNT
     37	011F  FE 06 0000e			     inc     BufEnd
     38
     39	0123  9D				     popf
     40
     41	0124  07 5B 5F 1F 58			     pop     es	bx di ds ax
     42
     43				     ;		     db	     0eah
     44				     ;Old09	     dw	     0h
     45				     ;		     dw	     0h
     46
     47	0129  E4 61				     in	     al, 61h
     48	012B  8A E0				     mov     ah, al
     49	012D  0C 80				     or	     al, 80h
     50	012F  E6 61				     out     61h, al
     51	0131  86 E0				     xchg    ah, al
     52	0133  E6 61				     out     61h, al
     53
     54	0135  B0 20				     mov     al, 20h
     55	0137  E6 20				     out     20h, al
     56
     57	0139  CF				     iret
Turbo Assembler	 Version 4.1	    03/03/20 16:26:16	    Page 2
new09.asm



     58	013A					     endp
     59
     60	013A			     .data
     61
     62	0000  0000		     Old09	     dw	     0
     63	0002  0000				     dw	     0
     64				     end
Turbo Assembler	 Version 4.1	    03/03/20 16:26:16	    Page 3
Symbol Table




Symbol Name			  Type	 Value

??DATE				  Text	 "03/03/20"
??FILENAME			  Text	 "new09	  "
??TIME				  Text	 "16:26:16"
??VERSION			  Number 040A
@32BIT				  Text	 0
@CODE				  Text	 DGROUP
@CODESIZE			  Text	 0
@CPU				  Text	 0103H
@CURSEG				  Text	 _DATA
@DATA				  Text	 DGROUP
@DATASIZE			  Text	 0
@FILENAME			  Text	 NEW09
@INTERFACE			  Text	 000H
@MODEL				  Text	 1
@STACK				  Text	 DGROUP
@WORDSIZE			  Text	 2
BUF				  Byte	 DGROUP:---- Extern
BUFBEG				  Byte	 DGROUP:---- Extern
BUFEND				  Byte	 DGROUP:---- Extern
COUNT				  Byte	 DGROUP:---- Extern
NEW09				  Near	 DGROUP:0100
OLD09				  Word	 DGROUP:0000

Groups & Segments		  Bit Size Align  Combine Class

DGROUP				  Group
  _DATA				  16  0004 Word	  Public  DATA
  _TEXT				  16  013A Word	  Public  CODE
